<?xml version="1.0" encoding="UTF-8"?>
<!-- Generated by org.testng.reporters.JUnitReportReporter -->
<testsuite hostname="LAPTOP-GDPPGHDU" failures="0" tests="1" name="testNG.Test2" time="1.981" errors="0" timestamp="2023-02-10T22:33:16 IST" skipped="0">
  <testcase classname="testNG.Test2" name="TC2" time="1.981"/>
  <system-out/>
</testsuite> <!-- testNG.Test2 -->
